0 info it worked if it ends with ok
1 verbose cli [ '/usr/local/Cellar/node/5.1.0/bin/node',
1 verbose cli   '/usr/local/bin/npm',
1 verbose cli   'install' ]
2 info using npm@3.8.3
3 info using node@v5.1.0
4 silly loadCurrentTree Starting
5 silly install loadCurrentTree
6 silly install readLocalPackageData
7 silly install normalizeTree
8 silly loadCurrentTree Finishing
9 silly loadIdealTree Starting
10 silly install loadIdealTree
11 silly cloneCurrentTree Starting
12 silly install cloneCurrentTreeToIdealTree
13 silly cloneCurrentTree Finishing
14 silly loadShrinkwrap Starting
15 silly install loadShrinkwrap
16 silly loadShrinkwrap Finishing
17 silly loadAllDepsIntoIdealTree Starting
18 silly install loadAllDepsIntoIdealTree
19 silly fetchNamedPackageData browser-sync
20 silly mapToRegistry name browser-sync
21 silly mapToRegistry using default registry
22 silly mapToRegistry registry https://npm.leapfrogonline.net/
23 silly mapToRegistry data Result {
23 silly mapToRegistry   raw: 'browser-sync',
23 silly mapToRegistry   scope: null,
23 silly mapToRegistry   name: 'browser-sync',
23 silly mapToRegistry   rawSpec: '',
23 silly mapToRegistry   spec: 'latest',
23 silly mapToRegistry   type: 'tag' }
24 silly mapToRegistry uri https://npm.leapfrogonline.net/browser-sync
25 silly fetchNamedPackageData del
26 silly mapToRegistry name del
27 silly mapToRegistry using default registry
28 silly mapToRegistry registry https://npm.leapfrogonline.net/
29 silly mapToRegistry data Result {
29 silly mapToRegistry   raw: 'del',
29 silly mapToRegistry   scope: null,
29 silly mapToRegistry   name: 'del',
29 silly mapToRegistry   rawSpec: '',
29 silly mapToRegistry   spec: 'latest',
29 silly mapToRegistry   type: 'tag' }
30 silly mapToRegistry uri https://npm.leapfrogonline.net/del
31 silly fetchNamedPackageData gulp
32 silly mapToRegistry name gulp
33 silly mapToRegistry using default registry
34 silly mapToRegistry registry https://npm.leapfrogonline.net/
35 silly mapToRegistry data Result {
35 silly mapToRegistry   raw: 'gulp',
35 silly mapToRegistry   scope: null,
35 silly mapToRegistry   name: 'gulp',
35 silly mapToRegistry   rawSpec: '',
35 silly mapToRegistry   spec: 'latest',
35 silly mapToRegistry   type: 'tag' }
36 silly mapToRegistry uri https://npm.leapfrogonline.net/gulp
37 silly fetchNamedPackageData gulp-autoprefixer
38 silly mapToRegistry name gulp-autoprefixer
39 silly mapToRegistry using default registry
40 silly mapToRegistry registry https://npm.leapfrogonline.net/
41 silly mapToRegistry data Result {
41 silly mapToRegistry   raw: 'gulp-autoprefixer',
41 silly mapToRegistry   scope: null,
41 silly mapToRegistry   name: 'gulp-autoprefixer',
41 silly mapToRegistry   rawSpec: '',
41 silly mapToRegistry   spec: 'latest',
41 silly mapToRegistry   type: 'tag' }
42 silly mapToRegistry uri https://npm.leapfrogonline.net/gulp-autoprefixer
43 silly fetchNamedPackageData gulp-cache
44 silly mapToRegistry name gulp-cache
45 silly mapToRegistry using default registry
46 silly mapToRegistry registry https://npm.leapfrogonline.net/
47 silly mapToRegistry data Result {
47 silly mapToRegistry   raw: 'gulp-cache',
47 silly mapToRegistry   scope: null,
47 silly mapToRegistry   name: 'gulp-cache',
47 silly mapToRegistry   rawSpec: '',
47 silly mapToRegistry   spec: 'latest',
47 silly mapToRegistry   type: 'tag' }
48 silly mapToRegistry uri https://npm.leapfrogonline.net/gulp-cache
49 silly fetchNamedPackageData gulp-cssnano
50 silly mapToRegistry name gulp-cssnano
51 silly mapToRegistry using default registry
52 silly mapToRegistry registry https://npm.leapfrogonline.net/
53 silly mapToRegistry data Result {
53 silly mapToRegistry   raw: 'gulp-cssnano',
53 silly mapToRegistry   scope: null,
53 silly mapToRegistry   name: 'gulp-cssnano',
53 silly mapToRegistry   rawSpec: '',
53 silly mapToRegistry   spec: 'latest',
53 silly mapToRegistry   type: 'tag' }
54 silly mapToRegistry uri https://npm.leapfrogonline.net/gulp-cssnano
55 silly fetchNamedPackageData gulp-if
56 silly mapToRegistry name gulp-if
57 silly mapToRegistry using default registry
58 silly mapToRegistry registry https://npm.leapfrogonline.net/
59 silly mapToRegistry data Result {
59 silly mapToRegistry   raw: 'gulp-if',
59 silly mapToRegistry   scope: null,
59 silly mapToRegistry   name: 'gulp-if',
59 silly mapToRegistry   rawSpec: '',
59 silly mapToRegistry   spec: 'latest',
59 silly mapToRegistry   type: 'tag' }
60 silly mapToRegistry uri https://npm.leapfrogonline.net/gulp-if
61 silly fetchNamedPackageData gulp-imagemin
62 silly mapToRegistry name gulp-imagemin
63 silly mapToRegistry using default registry
64 silly mapToRegistry registry https://npm.leapfrogonline.net/
65 silly mapToRegistry data Result {
65 silly mapToRegistry   raw: 'gulp-imagemin',
65 silly mapToRegistry   scope: null,
65 silly mapToRegistry   name: 'gulp-imagemin',
65 silly mapToRegistry   rawSpec: '',
65 silly mapToRegistry   spec: 'latest',
65 silly mapToRegistry   type: 'tag' }
66 silly mapToRegistry uri https://npm.leapfrogonline.net/gulp-imagemin
67 silly fetchNamedPackageData gulp-sass
68 silly mapToRegistry name gulp-sass
69 silly mapToRegistry using default registry
70 silly mapToRegistry registry https://npm.leapfrogonline.net/
71 silly mapToRegistry data Result {
71 silly mapToRegistry   raw: 'gulp-sass',
71 silly mapToRegistry   scope: null,
71 silly mapToRegistry   name: 'gulp-sass',
71 silly mapToRegistry   rawSpec: '',
71 silly mapToRegistry   spec: 'latest',
71 silly mapToRegistry   type: 'tag' }
72 silly mapToRegistry uri https://npm.leapfrogonline.net/gulp-sass
73 silly fetchNamedPackageData gulp-sourcemaps
74 silly mapToRegistry name gulp-sourcemaps
75 silly mapToRegistry using default registry
76 silly mapToRegistry registry https://npm.leapfrogonline.net/
77 silly mapToRegistry data Result {
77 silly mapToRegistry   raw: 'gulp-sourcemaps',
77 silly mapToRegistry   scope: null,
77 silly mapToRegistry   name: 'gulp-sourcemaps',
77 silly mapToRegistry   rawSpec: '',
77 silly mapToRegistry   spec: 'latest',
77 silly mapToRegistry   type: 'tag' }
78 silly mapToRegistry uri https://npm.leapfrogonline.net/gulp-sourcemaps
79 silly fetchNamedPackageData gulp-uglify
80 silly mapToRegistry name gulp-uglify
81 silly mapToRegistry using default registry
82 silly mapToRegistry registry https://npm.leapfrogonline.net/
83 silly mapToRegistry data Result {
83 silly mapToRegistry   raw: 'gulp-uglify',
83 silly mapToRegistry   scope: null,
83 silly mapToRegistry   name: 'gulp-uglify',
83 silly mapToRegistry   rawSpec: '',
83 silly mapToRegistry   spec: 'latest',
83 silly mapToRegistry   type: 'tag' }
84 silly mapToRegistry uri https://npm.leapfrogonline.net/gulp-uglify
85 silly fetchNamedPackageData gulp-useref
86 silly mapToRegistry name gulp-useref
87 silly mapToRegistry using default registry
88 silly mapToRegistry registry https://npm.leapfrogonline.net/
89 silly mapToRegistry data Result {
89 silly mapToRegistry   raw: 'gulp-useref',
89 silly mapToRegistry   scope: null,
89 silly mapToRegistry   name: 'gulp-useref',
89 silly mapToRegistry   rawSpec: '',
89 silly mapToRegistry   spec: 'latest',
89 silly mapToRegistry   type: 'tag' }
90 silly mapToRegistry uri https://npm.leapfrogonline.net/gulp-useref
91 silly fetchNamedPackageData run-sequence
92 silly mapToRegistry name run-sequence
93 silly mapToRegistry using default registry
94 silly mapToRegistry registry https://npm.leapfrogonline.net/
95 silly mapToRegistry data Result {
95 silly mapToRegistry   raw: 'run-sequence',
95 silly mapToRegistry   scope: null,
95 silly mapToRegistry   name: 'run-sequence',
95 silly mapToRegistry   rawSpec: '',
95 silly mapToRegistry   spec: 'latest',
95 silly mapToRegistry   type: 'tag' }
96 silly mapToRegistry uri https://npm.leapfrogonline.net/run-sequence
97 verbose request uri https://npm.leapfrogonline.net/browser-sync
98 verbose request no auth needed
99 info attempt registry request try #1 at 6:24:53 AM
100 verbose request id 03e0eed59d58f46d
101 http request GET https://npm.leapfrogonline.net/browser-sync
102 verbose request uri https://npm.leapfrogonline.net/del
103 verbose request no auth needed
104 info attempt registry request try #1 at 6:24:53 AM
105 http request GET https://npm.leapfrogonline.net/del
106 verbose request uri https://npm.leapfrogonline.net/gulp
107 verbose request no auth needed
108 info attempt registry request try #1 at 6:24:53 AM
109 http request GET https://npm.leapfrogonline.net/gulp
110 verbose request uri https://npm.leapfrogonline.net/gulp-autoprefixer
111 verbose request no auth needed
112 info attempt registry request try #1 at 6:24:53 AM
113 http request GET https://npm.leapfrogonline.net/gulp-autoprefixer
114 verbose request uri https://npm.leapfrogonline.net/gulp-cache
115 verbose request no auth needed
116 info attempt registry request try #1 at 6:24:53 AM
117 http request GET https://npm.leapfrogonline.net/gulp-cache
118 verbose request uri https://npm.leapfrogonline.net/gulp-cssnano
119 verbose request no auth needed
120 info attempt registry request try #1 at 6:24:53 AM
121 http request GET https://npm.leapfrogonline.net/gulp-cssnano
122 verbose request uri https://npm.leapfrogonline.net/gulp-if
123 verbose request no auth needed
124 info attempt registry request try #1 at 6:24:53 AM
125 http request GET https://npm.leapfrogonline.net/gulp-if
126 verbose request uri https://npm.leapfrogonline.net/gulp-imagemin
127 verbose request no auth needed
128 info attempt registry request try #1 at 6:24:53 AM
129 http request GET https://npm.leapfrogonline.net/gulp-imagemin
130 verbose request uri https://npm.leapfrogonline.net/gulp-sass
131 verbose request no auth needed
132 info attempt registry request try #1 at 6:24:53 AM
133 http request GET https://npm.leapfrogonline.net/gulp-sass
134 verbose request uri https://npm.leapfrogonline.net/gulp-sourcemaps
135 verbose request no auth needed
136 info attempt registry request try #1 at 6:24:53 AM
137 http request GET https://npm.leapfrogonline.net/gulp-sourcemaps
138 verbose request uri https://npm.leapfrogonline.net/gulp-uglify
139 verbose request no auth needed
140 info attempt registry request try #1 at 6:24:53 AM
141 http request GET https://npm.leapfrogonline.net/gulp-uglify
142 verbose request uri https://npm.leapfrogonline.net/gulp-useref
143 verbose request no auth needed
144 info attempt registry request try #1 at 6:24:53 AM
145 http request GET https://npm.leapfrogonline.net/gulp-useref
146 verbose request uri https://npm.leapfrogonline.net/run-sequence
147 verbose request no auth needed
148 info attempt registry request try #1 at 6:24:53 AM
149 http request GET https://npm.leapfrogonline.net/run-sequence
150 info retry will retry, error on last attempt: Error: getaddrinfo ENOTFOUND npm.leapfrogonline.net npm.leapfrogonline.net:443
151 info retry will retry, error on last attempt: Error: getaddrinfo ENOTFOUND npm.leapfrogonline.net npm.leapfrogonline.net:443
152 info retry will retry, error on last attempt: Error: getaddrinfo ENOTFOUND npm.leapfrogonline.net npm.leapfrogonline.net:443
153 info retry will retry, error on last attempt: Error: getaddrinfo ENOTFOUND npm.leapfrogonline.net npm.leapfrogonline.net:443
154 info retry will retry, error on last attempt: Error: getaddrinfo ENOTFOUND npm.leapfrogonline.net npm.leapfrogonline.net:443
155 info retry will retry, error on last attempt: Error: getaddrinfo ENOTFOUND npm.leapfrogonline.net npm.leapfrogonline.net:443
156 info retry will retry, error on last attempt: Error: getaddrinfo ENOTFOUND npm.leapfrogonline.net npm.leapfrogonline.net:443
157 info retry will retry, error on last attempt: Error: getaddrinfo ENOTFOUND npm.leapfrogonline.net npm.leapfrogonline.net:443
158 info retry will retry, error on last attempt: Error: getaddrinfo ENOTFOUND npm.leapfrogonline.net npm.leapfrogonline.net:443
159 info retry will retry, error on last attempt: Error: getaddrinfo ENOTFOUND npm.leapfrogonline.net npm.leapfrogonline.net:443
160 info retry will retry, error on last attempt: Error: getaddrinfo ENOTFOUND npm.leapfrogonline.net npm.leapfrogonline.net:443
161 info retry will retry, error on last attempt: Error: getaddrinfo ENOTFOUND npm.leapfrogonline.net npm.leapfrogonline.net:443
162 info retry will retry, error on last attempt: Error: getaddrinfo ENOTFOUND npm.leapfrogonline.net npm.leapfrogonline.net:443
163 info attempt registry request try #2 at 6:25:03 AM
164 http request GET https://npm.leapfrogonline.net/browser-sync
165 info attempt registry request try #2 at 6:25:03 AM
166 http request GET https://npm.leapfrogonline.net/gulp
167 info attempt registry request try #2 at 6:25:03 AM
168 http request GET https://npm.leapfrogonline.net/gulp-autoprefixer
169 info attempt registry request try #2 at 6:25:03 AM
170 http request GET https://npm.leapfrogonline.net/del
171 info attempt registry request try #2 at 6:25:03 AM
172 http request GET https://npm.leapfrogonline.net/gulp-imagemin
173 info attempt registry request try #2 at 6:25:03 AM
174 http request GET https://npm.leapfrogonline.net/gulp-cssnano
175 info attempt registry request try #2 at 6:25:03 AM
176 http request GET https://npm.leapfrogonline.net/gulp-if
177 info attempt registry request try #2 at 6:25:03 AM
178 http request GET https://npm.leapfrogonline.net/gulp-cache
179 info attempt registry request try #2 at 6:25:03 AM
180 http request GET https://npm.leapfrogonline.net/gulp-sourcemaps
181 info attempt registry request try #2 at 6:25:03 AM
182 http request GET https://npm.leapfrogonline.net/gulp-uglify
183 info attempt registry request try #2 at 6:25:03 AM
184 http request GET https://npm.leapfrogonline.net/gulp-useref
185 info attempt registry request try #2 at 6:25:03 AM
186 http request GET https://npm.leapfrogonline.net/gulp-sass
187 info attempt registry request try #2 at 6:25:03 AM
188 http request GET https://npm.leapfrogonline.net/run-sequence
189 info retry will retry, error on last attempt: Error: getaddrinfo ENOTFOUND npm.leapfrogonline.net npm.leapfrogonline.net:443
190 info retry will retry, error on last attempt: Error: getaddrinfo ENOTFOUND npm.leapfrogonline.net npm.leapfrogonline.net:443
191 info retry will retry, error on last attempt: Error: getaddrinfo ENOTFOUND npm.leapfrogonline.net npm.leapfrogonline.net:443
192 info retry will retry, error on last attempt: Error: getaddrinfo ENOTFOUND npm.leapfrogonline.net npm.leapfrogonline.net:443
193 info retry will retry, error on last attempt: Error: getaddrinfo ENOTFOUND npm.leapfrogonline.net npm.leapfrogonline.net:443
194 info retry will retry, error on last attempt: Error: getaddrinfo ENOTFOUND npm.leapfrogonline.net npm.leapfrogonline.net:443
195 info retry will retry, error on last attempt: Error: getaddrinfo ENOTFOUND npm.leapfrogonline.net npm.leapfrogonline.net:443
196 info retry will retry, error on last attempt: Error: getaddrinfo ENOTFOUND npm.leapfrogonline.net npm.leapfrogonline.net:443
197 info retry will retry, error on last attempt: Error: getaddrinfo ENOTFOUND npm.leapfrogonline.net npm.leapfrogonline.net:443
198 info retry will retry, error on last attempt: Error: getaddrinfo ENOTFOUND npm.leapfrogonline.net npm.leapfrogonline.net:443
199 info retry will retry, error on last attempt: Error: getaddrinfo ENOTFOUND npm.leapfrogonline.net npm.leapfrogonline.net:443
200 info retry will retry, error on last attempt: Error: getaddrinfo ENOTFOUND npm.leapfrogonline.net npm.leapfrogonline.net:443
201 info retry will retry, error on last attempt: Error: getaddrinfo ENOTFOUND npm.leapfrogonline.net npm.leapfrogonline.net:443
202 info attempt registry request try #3 at 6:26:03 AM
203 http request GET https://npm.leapfrogonline.net/browser-sync
204 info attempt registry request try #3 at 6:26:03 AM
205 http request GET https://npm.leapfrogonline.net/gulp
206 silly fetchPackageMetaData Error: getaddrinfo ENOTFOUND npm.leapfrogonline.net npm.leapfrogonline.net:443
206 silly fetchPackageMetaData     at errnoException (dns.js:26:10)
206 silly fetchPackageMetaData     at GetAddrInfoReqWrap.onlookup [as oncomplete] (dns.js:77:26)
206 silly fetchPackageMetaData  error for browser-sync@^2.7.12 { [Error: getaddrinfo ENOTFOUND npm.leapfrogonline.net npm.leapfrogonline.net:443]
206 silly fetchPackageMetaData   code: 'ENOTFOUND',
206 silly fetchPackageMetaData   errno: 'ENOTFOUND',
206 silly fetchPackageMetaData   syscall: 'getaddrinfo',
206 silly fetchPackageMetaData   hostname: 'npm.leapfrogonline.net',
206 silly fetchPackageMetaData   host: 'npm.leapfrogonline.net',
206 silly fetchPackageMetaData   port: 443 }
207 info attempt registry request try #3 at 6:26:03 AM
208 http request GET https://npm.leapfrogonline.net/gulp-autoprefixer
209 info attempt registry request try #3 at 6:26:03 AM
210 http request GET https://npm.leapfrogonline.net/del
211 info attempt registry request try #3 at 6:26:03 AM
212 http request GET https://npm.leapfrogonline.net/gulp-imagemin
213 info attempt registry request try #3 at 6:26:03 AM
214 http request GET https://npm.leapfrogonline.net/gulp-cssnano
215 info attempt registry request try #3 at 6:26:03 AM
216 http request GET https://npm.leapfrogonline.net/gulp-if
217 info attempt registry request try #3 at 6:26:03 AM
218 http request GET https://npm.leapfrogonline.net/gulp-cache
219 info attempt registry request try #3 at 6:26:03 AM
220 http request GET https://npm.leapfrogonline.net/gulp-sourcemaps
221 info attempt registry request try #3 at 6:26:03 AM
222 http request GET https://npm.leapfrogonline.net/gulp-uglify
223 info attempt registry request try #3 at 6:26:03 AM
224 http request GET https://npm.leapfrogonline.net/gulp-useref
225 info attempt registry request try #3 at 6:26:03 AM
226 http request GET https://npm.leapfrogonline.net/gulp-sass
227 info attempt registry request try #3 at 6:26:03 AM
228 http request GET https://npm.leapfrogonline.net/run-sequence
229 silly fetchPackageMetaData Error: getaddrinfo ENOTFOUND npm.leapfrogonline.net npm.leapfrogonline.net:443
229 silly fetchPackageMetaData     at errnoException (dns.js:26:10)
229 silly fetchPackageMetaData     at GetAddrInfoReqWrap.onlookup [as oncomplete] (dns.js:77:26)
229 silly fetchPackageMetaData  error for gulp@^3.9.0 { [Error: getaddrinfo ENOTFOUND npm.leapfrogonline.net npm.leapfrogonline.net:443]
229 silly fetchPackageMetaData   code: 'ENOTFOUND',
229 silly fetchPackageMetaData   errno: 'ENOTFOUND',
229 silly fetchPackageMetaData   syscall: 'getaddrinfo',
229 silly fetchPackageMetaData   hostname: 'npm.leapfrogonline.net',
229 silly fetchPackageMetaData   host: 'npm.leapfrogonline.net',
229 silly fetchPackageMetaData   port: 443 }
230 silly fetchPackageMetaData Error: getaddrinfo ENOTFOUND npm.leapfrogonline.net npm.leapfrogonline.net:443
230 silly fetchPackageMetaData     at errnoException (dns.js:26:10)
230 silly fetchPackageMetaData     at GetAddrInfoReqWrap.onlookup [as oncomplete] (dns.js:77:26)
230 silly fetchPackageMetaData  error for gulp-autoprefixer@^3.1.0 { [Error: getaddrinfo ENOTFOUND npm.leapfrogonline.net npm.leapfrogonline.net:443]
230 silly fetchPackageMetaData   code: 'ENOTFOUND',
230 silly fetchPackageMetaData   errno: 'ENOTFOUND',
230 silly fetchPackageMetaData   syscall: 'getaddrinfo',
230 silly fetchPackageMetaData   hostname: 'npm.leapfrogonline.net',
230 silly fetchPackageMetaData   host: 'npm.leapfrogonline.net',
230 silly fetchPackageMetaData   port: 443 }
231 silly fetchPackageMetaData Error: getaddrinfo ENOTFOUND npm.leapfrogonline.net npm.leapfrogonline.net:443
231 silly fetchPackageMetaData     at errnoException (dns.js:26:10)
231 silly fetchPackageMetaData     at GetAddrInfoReqWrap.onlookup [as oncomplete] (dns.js:77:26)
231 silly fetchPackageMetaData  error for del@^2.0.2 { [Error: getaddrinfo ENOTFOUND npm.leapfrogonline.net npm.leapfrogonline.net:443]
231 silly fetchPackageMetaData   code: 'ENOTFOUND',
231 silly fetchPackageMetaData   errno: 'ENOTFOUND',
231 silly fetchPackageMetaData   syscall: 'getaddrinfo',
231 silly fetchPackageMetaData   hostname: 'npm.leapfrogonline.net',
231 silly fetchPackageMetaData   host: 'npm.leapfrogonline.net',
231 silly fetchPackageMetaData   port: 443 }
232 silly fetchPackageMetaData Error: getaddrinfo ENOTFOUND npm.leapfrogonline.net npm.leapfrogonline.net:443
232 silly fetchPackageMetaData     at errnoException (dns.js:26:10)
232 silly fetchPackageMetaData     at GetAddrInfoReqWrap.onlookup [as oncomplete] (dns.js:77:26)
232 silly fetchPackageMetaData  error for gulp-imagemin@^2.3.0 { [Error: getaddrinfo ENOTFOUND npm.leapfrogonline.net npm.leapfrogonline.net:443]
232 silly fetchPackageMetaData   code: 'ENOTFOUND',
232 silly fetchPackageMetaData   errno: 'ENOTFOUND',
232 silly fetchPackageMetaData   syscall: 'getaddrinfo',
232 silly fetchPackageMetaData   hostname: 'npm.leapfrogonline.net',
232 silly fetchPackageMetaData   host: 'npm.leapfrogonline.net',
232 silly fetchPackageMetaData   port: 443 }
233 silly fetchPackageMetaData Error: getaddrinfo ENOTFOUND npm.leapfrogonline.net npm.leapfrogonline.net:443
233 silly fetchPackageMetaData     at errnoException (dns.js:26:10)
233 silly fetchPackageMetaData     at GetAddrInfoReqWrap.onlookup [as oncomplete] (dns.js:77:26)
233 silly fetchPackageMetaData  error for gulp-cssnano@^2.1.0 { [Error: getaddrinfo ENOTFOUND npm.leapfrogonline.net npm.leapfrogonline.net:443]
233 silly fetchPackageMetaData   code: 'ENOTFOUND',
233 silly fetchPackageMetaData   errno: 'ENOTFOUND',
233 silly fetchPackageMetaData   syscall: 'getaddrinfo',
233 silly fetchPackageMetaData   hostname: 'npm.leapfrogonline.net',
233 silly fetchPackageMetaData   host: 'npm.leapfrogonline.net',
233 silly fetchPackageMetaData   port: 443 }
234 silly fetchPackageMetaData Error: getaddrinfo ENOTFOUND npm.leapfrogonline.net npm.leapfrogonline.net:443
234 silly fetchPackageMetaData     at errnoException (dns.js:26:10)
234 silly fetchPackageMetaData     at GetAddrInfoReqWrap.onlookup [as oncomplete] (dns.js:77:26)
234 silly fetchPackageMetaData  error for gulp-if@^2.0.0 { [Error: getaddrinfo ENOTFOUND npm.leapfrogonline.net npm.leapfrogonline.net:443]
234 silly fetchPackageMetaData   code: 'ENOTFOUND',
234 silly fetchPackageMetaData   errno: 'ENOTFOUND',
234 silly fetchPackageMetaData   syscall: 'getaddrinfo',
234 silly fetchPackageMetaData   hostname: 'npm.leapfrogonline.net',
234 silly fetchPackageMetaData   host: 'npm.leapfrogonline.net',
234 silly fetchPackageMetaData   port: 443 }
235 silly fetchPackageMetaData Error: getaddrinfo ENOTFOUND npm.leapfrogonline.net npm.leapfrogonline.net:443
235 silly fetchPackageMetaData     at errnoException (dns.js:26:10)
235 silly fetchPackageMetaData     at GetAddrInfoReqWrap.onlookup [as oncomplete] (dns.js:77:26)
235 silly fetchPackageMetaData  error for gulp-cache@^0.4.1 { [Error: getaddrinfo ENOTFOUND npm.leapfrogonline.net npm.leapfrogonline.net:443]
235 silly fetchPackageMetaData   code: 'ENOTFOUND',
235 silly fetchPackageMetaData   errno: 'ENOTFOUND',
235 silly fetchPackageMetaData   syscall: 'getaddrinfo',
235 silly fetchPackageMetaData   hostname: 'npm.leapfrogonline.net',
235 silly fetchPackageMetaData   host: 'npm.leapfrogonline.net',
235 silly fetchPackageMetaData   port: 443 }
236 silly fetchPackageMetaData Error: getaddrinfo ENOTFOUND npm.leapfrogonline.net npm.leapfrogonline.net:443
236 silly fetchPackageMetaData     at errnoException (dns.js:26:10)
236 silly fetchPackageMetaData     at GetAddrInfoReqWrap.onlookup [as oncomplete] (dns.js:77:26)
236 silly fetchPackageMetaData  error for gulp-sourcemaps@^1.5.2 { [Error: getaddrinfo ENOTFOUND npm.leapfrogonline.net npm.leapfrogonline.net:443]
236 silly fetchPackageMetaData   code: 'ENOTFOUND',
236 silly fetchPackageMetaData   errno: 'ENOTFOUND',
236 silly fetchPackageMetaData   syscall: 'getaddrinfo',
236 silly fetchPackageMetaData   hostname: 'npm.leapfrogonline.net',
236 silly fetchPackageMetaData   host: 'npm.leapfrogonline.net',
236 silly fetchPackageMetaData   port: 443 }
237 silly fetchPackageMetaData Error: getaddrinfo ENOTFOUND npm.leapfrogonline.net npm.leapfrogonline.net:443
237 silly fetchPackageMetaData     at errnoException (dns.js:26:10)
237 silly fetchPackageMetaData     at GetAddrInfoReqWrap.onlookup [as oncomplete] (dns.js:77:26)
237 silly fetchPackageMetaData  error for gulp-uglify@^1.2.0 { [Error: getaddrinfo ENOTFOUND npm.leapfrogonline.net npm.leapfrogonline.net:443]
237 silly fetchPackageMetaData   code: 'ENOTFOUND',
237 silly fetchPackageMetaData   errno: 'ENOTFOUND',
237 silly fetchPackageMetaData   syscall: 'getaddrinfo',
237 silly fetchPackageMetaData   hostname: 'npm.leapfrogonline.net',
237 silly fetchPackageMetaData   host: 'npm.leapfrogonline.net',
237 silly fetchPackageMetaData   port: 443 }
238 silly fetchPackageMetaData Error: getaddrinfo ENOTFOUND npm.leapfrogonline.net npm.leapfrogonline.net:443
238 silly fetchPackageMetaData     at errnoException (dns.js:26:10)
238 silly fetchPackageMetaData     at GetAddrInfoReqWrap.onlookup [as oncomplete] (dns.js:77:26)
238 silly fetchPackageMetaData  error for gulp-useref@^3.0.4 { [Error: getaddrinfo ENOTFOUND npm.leapfrogonline.net npm.leapfrogonline.net:443]
238 silly fetchPackageMetaData   code: 'ENOTFOUND',
238 silly fetchPackageMetaData   errno: 'ENOTFOUND',
238 silly fetchPackageMetaData   syscall: 'getaddrinfo',
238 silly fetchPackageMetaData   hostname: 'npm.leapfrogonline.net',
238 silly fetchPackageMetaData   host: 'npm.leapfrogonline.net',
238 silly fetchPackageMetaData   port: 443 }
239 silly fetchPackageMetaData Error: getaddrinfo ENOTFOUND npm.leapfrogonline.net npm.leapfrogonline.net:443
239 silly fetchPackageMetaData     at errnoException (dns.js:26:10)
239 silly fetchPackageMetaData     at GetAddrInfoReqWrap.onlookup [as oncomplete] (dns.js:77:26)
239 silly fetchPackageMetaData  error for gulp-sass@^2.0.1 { [Error: getaddrinfo ENOTFOUND npm.leapfrogonline.net npm.leapfrogonline.net:443]
239 silly fetchPackageMetaData   code: 'ENOTFOUND',
239 silly fetchPackageMetaData   errno: 'ENOTFOUND',
239 silly fetchPackageMetaData   syscall: 'getaddrinfo',
239 silly fetchPackageMetaData   hostname: 'npm.leapfrogonline.net',
239 silly fetchPackageMetaData   host: 'npm.leapfrogonline.net',
239 silly fetchPackageMetaData   port: 443 }
240 silly fetchPackageMetaData Error: getaddrinfo ENOTFOUND npm.leapfrogonline.net npm.leapfrogonline.net:443
240 silly fetchPackageMetaData     at errnoException (dns.js:26:10)
240 silly fetchPackageMetaData     at GetAddrInfoReqWrap.onlookup [as oncomplete] (dns.js:77:26)
240 silly fetchPackageMetaData  error for run-sequence@^1.1.2 { [Error: getaddrinfo ENOTFOUND npm.leapfrogonline.net npm.leapfrogonline.net:443]
240 silly fetchPackageMetaData   code: 'ENOTFOUND',
240 silly fetchPackageMetaData   errno: 'ENOTFOUND',
240 silly fetchPackageMetaData   syscall: 'getaddrinfo',
240 silly fetchPackageMetaData   hostname: 'npm.leapfrogonline.net',
240 silly fetchPackageMetaData   host: 'npm.leapfrogonline.net',
240 silly fetchPackageMetaData   port: 443 }
241 silly rollbackFailedOptional Starting
242 silly rollbackFailedOptional Finishing
243 silly runTopLevelLifecycles Starting
244 silly runTopLevelLifecycles Finishing
245 silly install printInstalled
246 verbose stack Error: getaddrinfo ENOTFOUND npm.leapfrogonline.net npm.leapfrogonline.net:443
246 verbose stack     at errnoException (dns.js:26:10)
246 verbose stack     at GetAddrInfoReqWrap.onlookup [as oncomplete] (dns.js:77:26)
247 verbose cwd /Users/rfryan/Desktop/my_stuff/resume
248 error Darwin 16.1.0
249 error argv "/usr/local/Cellar/node/5.1.0/bin/node" "/usr/local/bin/npm" "install"
250 error node v5.1.0
251 error npm  v3.8.3
252 error code ENOTFOUND
253 error errno ENOTFOUND
254 error syscall getaddrinfo
255 error network getaddrinfo ENOTFOUND npm.leapfrogonline.net npm.leapfrogonline.net:443
256 error network This is most likely not a problem with npm itself
256 error network and is related to network connectivity.
256 error network In most cases you are behind a proxy or have bad network settings.
256 error network
256 error network If you are behind a proxy, please make sure that the
256 error network 'proxy' config is set properly.  See: 'npm help config'
257 verbose exit [ 1, true ]
